<?xml version="1.0" encoding="utf-8"?><testsuites name="pytest tests"><testsuite name="pytest" errors="0" failures="0" skipped="0" tests="6" time="1.844" timestamp="2026-02-03T16:44:06.317799+00:00" hostname="agent-env-9f1a8f7d-0432-4e8c-990c-cda1db33409c"><testcase classname="backend.tests.test_calculator_feature.TestCalculatorFeature" name="test_create_template_with_calculated_fields" time="0.354" /><testcase classname="backend.tests.test_calculator_feature.TestCalculatorFeature" name="test_template_with_text_formula" time="0.296" /><testcase classname="backend.tests.test_calculator_feature.TestCalculatorFeature" name="test_get_templates_list" time="0.271" /><testcase classname="backend.tests.test_calculator_feature.TestCalculatorFeature" name="test_calculator_operations_available" time="0.266" /><testcase classname="backend.tests.test_calculator_feature.TestCalculatorFeature" name="test_calculator_utils_functions" time="0.260" /><testcase classname="backend.tests.test_calculator_feature.TestCalculatorFeature" name="test_cleanup_test_templates" time="0.340" /></testsuite></testsuites>