<?xml version="1.0" encoding="utf-8"?><testsuites name="pytest tests"><testsuite name="pytest" errors="0" failures="0" skipped="8" tests="8" time="0.250" timestamp="2026-01-21T10:37:19.348469+00:00" hostname="agent-env-89c4df5c-9f7c-44d9-8c0c-baf5c0176e0d"><testcase classname="tests.test_signer_placeholder_fix_iteration4.TestSignerPlaceholderFix" name="test_01_get_template_with_owner_separation" time="0.104"><skipped type="pytest.skip" message="Authentication failed: 401 - {&quot;detail&quot;:&quot;Invalid credentials&quot;}">/app/tests/test_signer_placeholder_fix_iteration4.py:62: Authentication failed: 401 - {"detail":"Invalid credentials"}</skipped></testcase><testcase classname="tests.test_signer_placeholder_fix_iteration4.TestSignerPlaceholderFix" name="test_02_create_contract_with_only_landlord_data" time="0.000"><skipped type="pytest.skip" message="Authentication failed: 401 - {&quot;detail&quot;:&quot;Invalid credentials&quot;}">/app/tests/test_signer_placeholder_fix_iteration4.py:86: Authentication failed: 401 - {"detail":"Invalid credentials"}</skipped></testcase><testcase classname="tests.test_signer_placeholder_fix_iteration4.TestSignerPlaceholderFix" name="test_03_verify_placeholder_values_only_landlord" time="0.000"><skipped type="pytest.skip" message="Authentication failed: 401 - {&quot;detail&quot;:&quot;Invalid credentials&quot;}">/app/tests/test_signer_placeholder_fix_iteration4.py:129: Authentication failed: 401 - {"detail":"Invalid credentials"}</skipped></testcase><testcase classname="tests.test_signer_placeholder_fix_iteration4.TestSignerPlaceholderFix" name="test_04_verify_signer_fields_empty" time="0.000"><skipped type="pytest.skip" message="Authentication failed: 401 - {&quot;detail&quot;:&quot;Invalid credentials&quot;}">/app/tests/test_signer_placeholder_fix_iteration4.py:155: Authentication failed: 401 - {"detail":"Invalid credentials"}</skipped></testcase><testcase classname="tests.test_signer_placeholder_fix_iteration4.TestSignerPlaceholderFix" name="test_05_verify_content_preserves_signer_placeholders" time="0.000"><skipped type="pytest.skip" message="Authentication failed: 401 - {&quot;detail&quot;:&quot;Invalid credentials&quot;}">/app/tests/test_signer_placeholder_fix_iteration4.py:181: Authentication failed: 401 - {"detail":"Invalid credentials"}</skipped></testcase><testcase classname="tests.test_signer_placeholder_fix_iteration4.TestSignerPlaceholderFix" name="test_06_cleanup_test_contract" time="0.000"><skipped type="pytest.skip" message="Authentication failed: 401 - {&quot;detail&quot;:&quot;Invalid credentials&quot;}">/app/tests/test_signer_placeholder_fix_iteration4.py:214: Authentication failed: 401 - {"detail":"Invalid credentials"}</skipped></testcase><testcase classname="tests.test_signer_placeholder_fix_iteration4.TestBackendSignerExtraction" name="test_01_backend_ignores_landlord_phone_for_signer" time="0.041"><skipped type="pytest.skip" message="Authentication failed: 401">/app/tests/test_signer_placeholder_fix_iteration4.py:246: Authentication failed: 401</skipped></testcase><testcase classname="tests.test_signer_placeholder_fix_iteration4.TestContractViewPlaceholders" name="test_01_contract_content_has_signer_placeholders" time="0.042"><skipped type="pytest.skip" message="Authentication failed: 401">/app/tests/test_signer_placeholder_fix_iteration4.py:313: Authentication failed: 401</skipped></testcase></testsuite></testsuites>