<?xml version="1.0" encoding="utf-8"?><testsuites name="pytest tests"><testsuite name="pytest" errors="0" failures="1" skipped="0" tests="14" time="3.044" timestamp="2026-01-21T08:00:01.934408+00:00" hostname="agent-env-581dbd23-183b-44ea-8602-db203c686614"><testcase classname="tests.test_placeholder_flow.TestPlaceholderFlow" name="test_01_login" time="0.282" /><testcase classname="tests.test_placeholder_flow.TestPlaceholderFlow" name="test_02_get_templates" time="0.036" /><testcase classname="tests.test_placeholder_flow.TestPlaceholderFlow" name="test_03_create_contract_with_placeholders" time="0.277" /><testcase classname="tests.test_placeholder_flow.TestPlaceholderFlow" name="test_04_send_contract_and_get_signature_link" time="0.295" /><testcase classname="tests.test_placeholder_flow.TestPlaceholderFlow" name="test_05_update_signer_info_with_party_b_placeholders" time="0.437" /><testcase classname="tests.test_placeholder_flow.TestPlaceholderFlow" name="test_06_verify_placeholder_display_in_contract_details" time="0.337" /><testcase classname="tests.test_placeholder_flow.TestPlaceholderFlow" name="test_07_test_legacy_placeholder_keys" time="0.335" /><testcase classname="tests.test_placeholder_flow.TestAPIEndpoints" name="test_health_check" time="0.031"><failure message="assert 404 == 200&#10; +  where 404 = &lt;Response [404]&gt;.status_code">tests/test_placeholder_flow.py:306: in test_health_check
    assert response.status_code == 200
E   assert 404 == 200
E    +  where 404 = &lt;Response [404]&gt;.status_code</failure></testcase><testcase classname="tests.test_placeholder_flow.TestAPIEndpoints" name="test_templates_endpoint" time="0.034" /><testcase classname="tests.test_placeholder_flow.TestAPIEndpoints" name="test_login_endpoint" time="0.301" /><testcase classname="tests.test_placeholder_flow.TestAPIEndpoints" name="test_contracts_endpoint_requires_auth" time="0.036" /><testcase classname="tests.test_placeholder_flow.TestAPIEndpoints" name="test_update_signer_info_endpoint" time="0.035" /><testcase classname="tests.test_placeholder_flow.TestContractCreationFlow" name="test_create_contract_without_template" time="0.267" /><testcase classname="tests.test_placeholder_flow.TestContractCreationFlow" name="test_create_contract_with_template_and_party_b_placeholders" time="0.269" /></testsuite></testsuites>