<?xml version="1.0" encoding="utf-8"?><testsuites name="pytest tests"><testsuite name="pytest" errors="0" failures="0" skipped="0" tests="8" time="2.619" timestamp="2026-01-22T17:23:32.441675+00:00" hostname="agent-env-619f1944-4671-4431-b003-bc5f5c0aa603"><testcase classname="backend.tests.test_email_otp_iteration6.TestEmailOTPEndpoints" name="test_sign_request_otp_email_method_exists" time="0.616" /><testcase classname="backend.tests.test_email_otp_iteration6.TestEmailOTPEndpoints" name="test_sign_request_otp_sms_method" time="0.325" /><testcase classname="backend.tests.test_email_otp_iteration6.TestEmailOTPEndpoints" name="test_sign_request_otp_telegram_method" time="0.198" /><testcase classname="backend.tests.test_email_otp_iteration6.TestEmailOTPEndpoints" name="test_sign_contract_page_loads" time="0.042" /><testcase classname="backend.tests.test_email_otp_iteration6.TestRegistrationEmailOTP" name="test_registration_request_otp_email_method_exists" time="0.538" /><testcase classname="backend.tests.test_email_otp_iteration6.TestRegistrationEmailOTP" name="test_registration_request_otp_sms_method" time="0.466" /><testcase classname="backend.tests.test_email_otp_iteration6.TestLoginFlow" name="test_login_with_test_credentials" time="0.256" /><testcase classname="backend.tests.test_email_otp_iteration6.TestContractApprovalEmailFlow" name="test_contract_has_signer_email_field" time="0.041" /></testsuite></testsuites>