<?xml version="1.0" encoding="utf-8"?><testsuites name="pytest tests"><testsuite name="pytest" errors="0" failures="0" skipped="0" tests="6" time="2.458" timestamp="2026-02-08T10:30:54.862831+00:00" hostname="agent-env-468245dd-c894-4131-9703-91d0e63f42f5"><testcase classname="backend.tests.test_upload_pdf_contract.TestUploadPdfContract" name="test_upload_pdf_endpoint_exists" time="0.349" /><testcase classname="backend.tests.test_upload_pdf_contract.TestUploadPdfContract" name="test_upload_pdf_requires_file" time="0.299" /><testcase classname="backend.tests.test_upload_pdf_contract.TestUploadPdfContract" name="test_upload_pdf_rejects_non_pdf" time="0.301" /><testcase classname="backend.tests.test_upload_pdf_contract.TestUploadPdfContract" name="test_upload_pdf_success" time="0.342" /><testcase classname="backend.tests.test_upload_pdf_contract.TestUploadPdfContract" name="test_uploaded_pdf_accessible_on_sign_page" time="0.763" /><testcase classname="backend.tests.test_upload_pdf_contract.TestLoginAndAuth" name="test_admin_login" time="0.263" /></testsuite></testsuites>