<?xml version="1.0" encoding="utf-8"?><testsuites name="pytest tests"><testsuite name="pytest" errors="0" failures="0" skipped="0" tests="5" time="1.562" timestamp="2026-01-21T09:41:02.080611+00:00" hostname="agent-env-581dbd23-183b-44ea-8602-db203c686614"><testcase classname="tests.test_placeholder_bug_iteration3.TestSignerPlaceholderBug" name="test_template_has_correct_placeholders" time="0.075" /><testcase classname="tests.test_placeholder_bug_iteration3.TestSignerPlaceholderBug" name="test_create_contract_preserves_signer_placeholders" time="0.306" /><testcase classname="tests.test_placeholder_bug_iteration3.TestSignerPlaceholderBug" name="test_update_signer_info_skips_signer_placeholders_for_draft" time="0.447" /><testcase classname="tests.test_placeholder_bug_iteration3.TestSignerPlaceholderBug" name="test_frontend_replaces_placeholders_correctly" time="0.408" /><testcase classname="tests.test_placeholder_bug_iteration3.TestExistingContractFix" name="test_list_contracts_with_hardcoded_phones" time="0.278" /></testsuite></testsuites>