<?xml version="1.0" encoding="utf-8"?><testsuites name="pytest tests"><testsuite name="pytest" errors="0" failures="0" skipped="0" tests="8" time="1.252" timestamp="2026-01-21T10:37:44.282990+00:00" hostname="agent-env-89c4df5c-9f7c-44d9-8c0c-baf5c0176e0d"><testcase classname="tests.test_signer_placeholder_fix_iteration4.TestSignerPlaceholderFix" name="test_01_get_template_with_owner_separation" time="0.330" /><testcase classname="tests.test_signer_placeholder_fix_iteration4.TestSignerPlaceholderFix" name="test_02_create_contract_with_only_landlord_data" time="0.037" /><testcase classname="tests.test_signer_placeholder_fix_iteration4.TestSignerPlaceholderFix" name="test_03_verify_placeholder_values_only_landlord" time="0.013" /><testcase classname="tests.test_signer_placeholder_fix_iteration4.TestSignerPlaceholderFix" name="test_04_verify_signer_fields_empty" time="0.010" /><testcase classname="tests.test_signer_placeholder_fix_iteration4.TestSignerPlaceholderFix" name="test_05_verify_content_preserves_signer_placeholders" time="0.009" /><testcase classname="tests.test_signer_placeholder_fix_iteration4.TestSignerPlaceholderFix" name="test_06_cleanup_test_contract" time="0.050" /><testcase classname="tests.test_signer_placeholder_fix_iteration4.TestBackendSignerExtraction" name="test_01_backend_ignores_landlord_phone_for_signer" time="0.392" /><testcase classname="tests.test_signer_placeholder_fix_iteration4.TestContractViewPlaceholders" name="test_01_contract_content_has_signer_placeholders" time="0.339" /></testsuite></testsuites>