<?xml version="1.0" encoding="utf-8"?><testsuites name="pytest tests"><testsuite name="pytest" errors="0" failures="0" skipped="0" tests="5" time="1.840" timestamp="2026-01-21T08:56:50.279365+00:00" hostname="agent-env-581dbd23-183b-44ea-8602-db203c686614"><testcase classname="tests.test_signer_placeholder_bug.TestSignerPlaceholderBug" name="test_template_has_correct_owner_config" time="0.361" /><testcase classname="tests.test_signer_placeholder_bug.TestSignerPlaceholderBug" name="test_create_contract_only_landlord_fields_filled" time="0.387" /><testcase classname="tests.test_signer_placeholder_bug.TestSignerPlaceholderBug" name="test_signer_fields_not_filled_with_party_a_data" time="0.346" /><testcase classname="tests.test_signer_placeholder_bug.TestSignerPlaceholderBug" name="test_sign_contract_signer_fills_own_fields" time="0.407" /><testcase classname="tests.test_signer_placeholder_bug.TestFrontendFormSeparation" name="test_template_placeholders_have_owner_field" time="0.292" /></testsuite></testsuites>