<?xml version="1.0" encoding="utf-8"?><testsuites name="pytest tests"><testsuite name="pytest" errors="0" failures="0" skipped="0" tests="7" time="2.542" timestamp="2026-02-08T11:03:45.738840+00:00" hostname="agent-env-468245dd-c894-4131-9703-91d0e63f42f5"><testcase classname="backend.tests.test_pdf_upload_iteration9.TestPDFUploadFlow" name="test_01_upload_pdf_creates_draft_status" time="0.423" /><testcase classname="backend.tests.test_pdf_upload_iteration9.TestPDFUploadFlow" name="test_02_party_a_data_saved" time="0.334" /><testcase classname="backend.tests.test_pdf_upload_iteration9.TestPDFUploadFlow" name="test_03_party_b_optional" time="0.330" /><testcase classname="backend.tests.test_pdf_upload_iteration9.TestPDFUploadFlow" name="test_04_sign_page_accessible" time="0.338" /><testcase classname="backend.tests.test_pdf_upload_iteration9.TestPDFUploadFlow" name="test_05_pdf_view_endpoint" time="0.332" /><testcase classname="backend.tests.test_pdf_upload_iteration9.TestPDFUploadFlow" name="test_06_contract_limit_check" time="0.298" /><testcase classname="backend.tests.test_pdf_upload_iteration9.TestContractDetailsPage" name="test_07_copy_link_after_send" time="0.345" /></testsuite></testsuites>