<?xml version="1.0" encoding="utf-8"?><testsuites name="pytest tests"><testsuite name="pytest" errors="0" failures="0" skipped="0" tests="17" time="0.980" timestamp="2026-01-12T18:31:26.698084+00:00" hostname="agent-env-5b5e4759-fd2c-4f1a-b373-f8b02eaf7de1"><testcase classname="tests.test_telegram_bot.TestTelegramBotImports" name="test_copytextbutton_import" time="0.104" /><testcase classname="tests.test_telegram_bot.TestTelegramBotImports" name="test_inlinekeyboardbutton_import" time="0.000" /><testcase classname="tests.test_telegram_bot.TestTelegramBotImports" name="test_inlinekeyboardmarkup_import" time="0.000" /><testcase classname="tests.test_telegram_bot.TestCopyTextButtonFunctionality" name="test_copytextbutton_creation" time="0.000" /><testcase classname="tests.test_telegram_bot.TestCopyTextButtonFunctionality" name="test_inlinekeyboardbutton_with_copy_text" time="0.000" /><testcase classname="tests.test_telegram_bot.TestCopyTextButtonFunctionality" name="test_inline_keyboard_markup_with_copy_button" time="0.000" /><testcase classname="tests.test_telegram_bot.TestOTPCodeFormat" name="test_otp_message_format" time="0.000" /><testcase classname="tests.test_telegram_bot.TestOTPCodeFormat" name="test_otp_code_is_6_digits" time="0.000" /><testcase classname="tests.test_telegram_bot.TestBotConnection" name="test_bot_get_me" time="0.461" /><testcase classname="tests.test_telegram_bot.TestBotConnection" name="test_bot_token_valid" time="0.382" /><testcase classname="tests.test_telegram_bot.TestBotCodeStructure" name="test_start_telegram_bot_file_exists" time="0.000" /><testcase classname="tests.test_telegram_bot.TestBotCodeStructure" name="test_copytextbutton_import_in_code" time="0.000" /><testcase classname="tests.test_telegram_bot.TestBotCodeStructure" name="test_copy_text_parameter_used" time="0.000" /><testcase classname="tests.test_telegram_bot.TestBotCodeStructure" name="test_monospace_format_used" time="0.000" /><testcase classname="tests.test_telegram_bot.TestBotCodeStructure" name="test_inline_keyboard_button_present" time="0.000" /><testcase classname="tests.test_telegram_bot.TestPythonTelegramBotVersion" name="test_version_supports_copytextbutton" time="0.000" /><testcase classname="tests.test_telegram_bot.TestPythonTelegramBotVersion" name="test_requirements_file_has_correct_version" time="0.000" /></testsuite></testsuites>