<?xml version="1.0" encoding="utf-8"?><testsuites name="pytest tests"><testsuite name="pytest" errors="0" failures="0" skipped="0" tests="12" time="0.502" timestamp="2026-01-12T18:43:31.576927+00:00" hostname="agent-env-5b5e4759-fd2c-4f1a-b373-f8b02eaf7de1"><testcase classname="tests.test_telegram_otp_verification.TestTelegramOTPVerificationFlow" name="test_api_health_check" time="0.065" /><testcase classname="tests.test_telegram_otp_verification.TestTelegramOTPVerificationFlow" name="test_verification_collection_exists" time="0.007" /><testcase classname="tests.test_telegram_otp_verification.TestTelegramOTPVerificationFlow" name="test_otp_code_format_in_db" time="0.004" /><testcase classname="tests.test_telegram_otp_verification.TestTelegramOTPVerificationFlow" name="test_verification_record_structure" time="0.003" /><testcase classname="tests.test_telegram_otp_verification.TestTelegramOTPVerificationFlow" name="test_verify_telegram_otp_with_correct_code" time="0.048" /><testcase classname="tests.test_telegram_otp_verification.TestTelegramOTPVerificationFlow" name="test_verify_telegram_otp_with_wrong_code" time="0.043" /><testcase classname="tests.test_telegram_otp_verification.TestTelegramOTPVerificationFlow" name="test_verify_telegram_otp_with_expired_code" time="0.084" /><testcase classname="tests.test_telegram_otp_verification.TestTelegramOTPVerificationFlow" name="test_verify_telegram_otp_with_already_used_code" time="0.046" /><testcase classname="tests.test_telegram_otp_verification.TestTelegramOTPVerificationFlow" name="test_verify_telegram_otp_invalid_format" time="0.049" /><testcase classname="tests.test_telegram_otp_verification.TestTelegramOTPVerificationFlow" name="test_real_contract_verification_flow" time="0.005" /><testcase classname="tests.test_telegram_otp_verification.TestBotDatabaseIntegration" name="test_bot_saves_otp_with_correct_fields" time="0.003" /><testcase classname="tests.test_telegram_otp_verification.TestBotDatabaseIntegration" name="test_otp_expiry_time_is_reasonable" time="0.003" /></testsuite></testsuites>